[2026-04-21 14:12:28,633] ERROR app [deb5cb35-f835-4289-b655-f3cc4e08b298] VERY SLOW GET /api/user/products/menu/ 1009.65ms
[2026-04-21 16:50:25,575] ERROR app [b2b96436-ce96-42bb-8605-e05931e0bec2] VERY SLOW GET /api/auth/users/get/ 4081.7ms
[2026-04-21 16:50:37,454] ERROR app [6e9cf4cd-5977-4e64-95dc-7e3cd9c9376c] VERY SLOW GET /api/auth/me/ 2456.06ms
[2026-04-21 16:50:37,547] ERROR app [74617a80-9ed2-4b1e-84af-4a1f2250ff84] VERY SLOW GET /api/auth/themes/ 2550.54ms
[2026-04-21 16:50:41,963] ERROR app [e968cea6-4fc3-49f6-8f05-bf08b15f4386] VERY SLOW GET /api/auth/users/get/ 6981.65ms
[2026-04-21 16:50:41,981] ERROR app [d5deaa76-7a74-4db7-8e99-290ff97c4360] VERY SLOW GET /api/auth/themes/ 4421.34ms
[2026-04-21 16:51:08,158] ERROR app [96899b37-3ba0-4a47-9d78-32e185a5aa20] VERY SLOW GET /api/auth/users/get/ 5436.72ms
[2026-04-21 16:51:19,665] ERROR app [b6bf3797-5dff-446a-8b48-a48bf68eb68e] VERY SLOW GET /api/auth/themes/ 1735.63ms
[2026-04-21 16:51:34,763] ERROR app [187dc515-ccc8-449c-99c5-13a4327e7a50] VERY SLOW GET /api/auth/users/get/ 16957.13ms
[2026-04-21 16:52:01,572] ERROR app [c7a100ec-5a18-43bd-9766-d5f45a047ce7] VERY SLOW GET /api/auth/themes/ 1976.95ms
[2026-04-21 16:52:43,732] ERROR app [4af7662e-1dfb-4813-a25a-52e8ac944d13] VERY SLOW GET /api/auth/users/get/ 44143.16ms
[2026-04-21 16:52:59,074] ERROR app [bbf8d8c8-ce2d-485f-a941-bda9edaee0d8] VERY SLOW GET /api/auth/users/get/ 4995.54ms
[2026-04-21 16:52:59,074] ERROR app [c75753fe-12ef-44bd-b2df-961e5c05036d] VERY SLOW GET /api/auth/themes/ 5101.79ms
[2026-04-22 10:12:45,444] ERROR app [06ec35bb-e8fb-4cea-92f5-d908884388ce] VERY SLOW POST /api/auth/login/ 2585.38ms
[2026-04-22 11:52:51,425] ERROR app [fd2d839f-414f-413e-a3ca-18f10c2d660a] VERY SLOW PATCH /api/auth/users/update/ 22092.2ms
[2026-04-22 11:53:36,548] ERROR app [32b90a16-7ddf-4228-a49f-16a5f2954df3] VERY SLOW PATCH /api/auth/users/update/ 20418.81ms
[2026-04-22 11:54:19,129] ERROR app [81dc5356-6bb6-425b-8980-ed0748d538e9] VERY SLOW PATCH /api/auth/users/update/ 19177.16ms
[2026-04-22 11:56:53,403] ERROR app [34c466de-31cd-404c-920d-d4a578dd6282] VERY SLOW PATCH /api/auth/users/update/ 20590.1ms
[2026-04-22 12:08:32,989] ERROR app [c78d3ee6-62bb-4e88-bc71-f027b02ddb73] VERY SLOW GET /api/auth/users/get/ 2955.43ms
[2026-04-22 12:08:32,999] ERROR app [a7bc480f-7d08-496d-9fd7-90a03da491b5] VERY SLOW GET /api/auth/me/ 2958.59ms
[2026-04-22 12:08:33,001] ERROR app [f68ce503-7516-493c-a048-867d900973d4] VERY SLOW GET /api/auth/themes/ 2963.62ms
[2026-04-22 12:16:34,580] ERROR app [009d3564-d6d4-4009-bb31-9edf37ab64df] VERY SLOW GET /api/auth/themes/ 3969.55ms
[2026-04-22 12:16:34,580] ERROR app [4f59f134-06f4-4323-b653-25609bc9f857] VERY SLOW GET /api/auth/me/ 3977.0ms
[2026-04-22 12:16:36,747] ERROR app [7f0eada1-c2d2-4bc3-aaab-2194f0861b17] VERY SLOW GET /api/auth/themes/ 1732.18ms
[2026-04-22 12:16:40,842] ERROR app [d989a930-7b29-4ebc-acfa-f32ab3505e05] VERY SLOW GET /api/auth/users/get/ 10248.86ms
[2026-04-22 12:18:34,784] ERROR app [b96887f0-3879-4a68-a494-ee430cc3410d] VERY SLOW PATCH /api/auth/users/update/ 18325.42ms
[2026-04-22 12:18:50,272] ERROR app [aebdf52a-5913-4a91-aee7-c593b3a8d9d4] VERY SLOW GET /api/auth/users/get/ 15470.71ms
[2026-04-22 12:23:10,115] ERROR app [6de8ca8d-006e-422f-96f2-7a2c204746b4] VERY SLOW GET /api/auth/me/ 2597.94ms
[2026-04-22 12:23:10,115] ERROR app [e2e59515-ddbb-4580-9752-1a905788cc39] VERY SLOW GET /api/auth/themes/ 2600.15ms
[2026-04-22 12:23:10,170] ERROR app [d9f68546-90fb-49bc-97cf-0e28bac6b302] VERY SLOW GET /api/auth/users/get/ 2659.08ms
[2026-04-22 12:23:32,856] ERROR app [92a5e8aa-ac16-4a95-b806-858431d1a41c] VERY SLOW GET /api/auth/me/ 2662.56ms
[2026-04-22 12:23:32,857] ERROR app [b0a8b839-8536-45fd-a2b6-91486d43b538] VERY SLOW GET /api/auth/themes/ 2658.97ms
[2026-04-22 12:23:38,067] ERROR app [21c60670-40e4-4c7c-b1c7-5e34fb38188c] VERY SLOW GET /api/auth/users/get/ 7872.5ms
[2026-04-22 12:24:19,489] ERROR app [4735ae34-5e4c-4c08-ac5c-09a83e83fb0a] VERY SLOW PATCH /api/auth/users/update/ 24858.94ms
[2026-04-22 12:24:22,318] ERROR app [dd554c13-485d-42b9-af93-f3d3719d0070] VERY SLOW GET /api/auth/users/get/ 2810.12ms
[2026-04-22 12:25:30,122] ERROR app [c3386e2b-24f6-46a2-be75-0af9ce058182] VERY SLOW GET /api/auth/users/get/ 8000.31ms
[2026-04-22 12:26:14,141] ERROR app [0bfd0170-5867-42b6-b664-dcf2e1c9e8a1] VERY SLOW GET /api/auth/users/get/ 7549.79ms
[2026-04-22 12:26:39,860] ERROR app [61c48e3c-63e9-450d-9a76-3081a7eb772a] VERY SLOW PATCH /api/auth/users/update/ 2423.56ms
[2026-04-22 18:51:41,127] ERROR app [fd26b058-0c6b-48a7-b985-7e7ac3595c5a] VERY SLOW GET /api/user/home/get/ 3244.82ms
[2026-04-22 18:51:41,127] ERROR app [86a369fe-d802-4a4c-90af-4552b1535af2] VERY SLOW GET /api/user/home/categories/get/ 3255.69ms
[2026-04-22 18:51:41,193] ERROR app [195145b0-f68a-4e60-bc8e-72c1abcace8d] VERY SLOW GET /api/user/stores/user/get/ 3318.83ms
[2026-04-22 18:51:41,234] ERROR app [b54ed5ac-519e-47fb-bc05-c4fa3fad595a] VERY SLOW GET /api/auth/me/ 2628.57ms
[2026-04-22 18:51:41,239] ERROR app [0243f089-827b-43a0-86d4-f58f29b01cf7] VERY SLOW GET /api/auth/themes/ 2629.08ms
[2026-04-22 19:02:07,798] ERROR app [bae71fb8-1ff3-4368-8185-5f2191af6e92] VERY SLOW PUT /api/admin/sliders/update/1/ 12517.45ms
[2026-04-22 19:02:43,264] ERROR app [4d5898da-413d-41a3-895f-4f5e5fa472b6] VERY SLOW PUT /api/admin/sliders/update/1/ 13540.42ms
[2026-04-22 19:04:38,643] ERROR app [68117c3a-7544-49c7-89e2-97ccee620c7a] VERY SLOW PUT /api/admin/sliders/update/1/ 3584.18ms
[2026-04-22 19:06:48,709] ERROR app [00fdb8f8-c6c4-49f0-b62c-12d6c80aae8d] VERY SLOW PUT /api/admin/sliders/update/1/ 14745.61ms
[2026-04-22 19:07:35,134] ERROR app [df4e5ff2-5c5d-4ea0-9706-34470430def6] VERY SLOW PUT /api/admin/sliders/update/1/ 34756.71ms
[2026-04-22 19:32:52,122] ERROR app [2d16fca8-0b6b-480b-8df3-3fa8c6c9d754] VERY SLOW PUT /api/admin/sliders/update/1/ 3562.25ms
[2026-04-22 19:35:47,572] ERROR app [afc565bd-ed70-41ba-b0db-14b4bb33370b] VERY SLOW PUT /api/admin/sliders/update/1/ 32247.48ms
[2026-04-22 19:39:14,903] ERROR app [8ec3c8f4-64bc-4dde-a761-1d26de1595ab] VERY SLOW PUT /api/admin/sliders/update/1/ 83748.47ms
[2026-04-22 19:39:38,613] ERROR app [d74ca72f-7803-4ef1-8f4f-4cae2c05c489] VERY SLOW PUT /api/admin/sliders/update/1/ 4760.74ms
[2026-04-22 19:40:33,906] ERROR app [cffd8482-289f-400c-8fe5-2b6c6d2311f9] VERY SLOW PUT /api/admin/sliders/update/1/ 25332.64ms
[2026-04-22 19:54:51,543] ERROR app [ab97238f-032f-434f-8565-59c88c311bd2] VERY SLOW POST /api/admin/toppings/create/ 14679.52ms
[2026-04-22 19:57:14,243] ERROR app [e0e77fa4-02f3-4313-a526-722b92dbd17b] VERY SLOW POST /api/admin/toppings/create/ 67907.9ms
[2026-04-22 19:57:17,653] ERROR app [255bb26a-203d-4874-8ab1-9d15020e72c9] VERY SLOW POST /api/admin/toppings/create/ 3406.77ms
[2026-04-22 19:57:17,737] ERROR app [1218e4eb-eb0e-44c5-bb6c-5966405649b9] VERY SLOW GET /api/user/stores/user/get/ 3492.97ms
[2026-04-22 19:57:17,737] ERROR app [3934d40e-69bf-491d-aa43-7dd13adec6bf] VERY SLOW GET /api/user/home/get/ 3492.97ms
[2026-04-22 19:57:17,748] ERROR app [83f24fc6-9898-47c3-bb94-19f9fc178aee] VERY SLOW GET /api/admin/toppings/get/ 3480.76ms
[2026-04-22 20:07:52,559] ERROR app [99c604af-396a-4eb2-a456-9e8f318ac9af] VERY SLOW POST /api/admin/toppings/create/ 165234.85ms
[2026-04-22 20:08:19,573] ERROR app [06cbe9b6-45f2-4f6b-81d5-c4913d401bf7] VERY SLOW POST /api/admin/toppings/create/ 2312.91ms
[2026-04-22 21:47:17,586] ERROR app [dd561504-8c52-44e9-89c7-b089e83d2df1] VERY SLOW PUT /api/admin/toppings/update/6/ 73812.19ms
[2026-04-22 21:48:00,248] ERROR app [2e749983-3c4f-455f-a399-017b183ef13e] VERY SLOW PUT /api/admin/toppings/update/6/ 28358.19ms
[2026-04-22 21:48:44,614] ERROR app [70c3bb16-41af-4281-a634-eca0ea596de4] VERY SLOW PUT /api/admin/toppings/update/6/ 3952.96ms
[2026-04-22 21:49:15,302] ERROR app [64659187-9d76-42e0-95ed-b67c32e271e6] VERY SLOW PUT /api/admin/toppings/update/6/ 7719.55ms
[2026-04-22 21:49:43,936] ERROR app [eba31a1a-2deb-4f5a-b9a7-5e257d7d94d4] VERY SLOW PUT /api/admin/toppings/update/6/ 2797.53ms
[2026-04-22 22:47:37,678] ERROR app [a1ab3461-f4eb-4336-b5d8-d37a8eb263dd] VERY SLOW PUT /api/admin/sliders/update/3/ 9751.11ms
[2026-04-22 22:50:36,506] ERROR app [ba41f6b3-db3b-4c94-bce8-1a90d7e4d598] VERY SLOW PUT /api/admin/sliders/update/3/ 3623.46ms
[2026-04-22 22:51:48,912] ERROR app [83098f41-1034-47c1-acdd-245c6fec2ca4] VERY SLOW PUT /api/admin/sliders/update/3/ 43099.27ms
[2026-04-22 22:53:25,901] ERROR app [b6b06d15-66dd-4634-87bb-74fe53ccef58] VERY SLOW GET /api/admin/sliders/get/ 4241.98ms
[2026-04-22 22:56:47,857] ERROR app [31ad9f42-9950-4a2a-a59e-c6b61582d4a6] VERY SLOW PUT /api/admin/sliders/update/3/ 268585.2ms
[2026-04-22 22:57:49,581] ERROR app [4f0f5e0e-ee2e-4df9-a404-661a2c548e39] VERY SLOW PUT /api/admin/sliders/update/3/ 6857.48ms
